Started GET "/" for 218.235.241.118 at 2017-08-12 09:54:12 +0000
Cannot render console from 218.235.241.118! Allowed networks: 127.0.0.1, ::1, 127.0.0.0/127.255.255.255
Processing by Rails::WelcomeController#index as HTML
  Rendering /usr/local/rvm/gems/ruby-2.3.4/gems/railties-5.1.3/lib/rails/templates/rails/welcome/index.html.erb
  Rendered /usr/local/rvm/gems/ruby-2.3.4/gems/railties-5.1.3/lib/rails/templates/rails/welcome/index.html.erb (3.8ms)
Completed 200 OK in 228ms (Views: 8.8ms)


Started GET "/" for 218.235.241.132 at 2017-08-13 01:37:23 +0000
Cannot render console from 218.235.241.132! Allowed networks: 127.0.0.1, ::1, 127.0.0.0/127.255.255.255
Processing by Rails::WelcomeController#index as HTML
Completed 500 Internal Server Error in 171ms


  
Gem::LoadError (Specified 'mysql2' for database adapter, but the gem is not loaded. Add `gem 'mysql2'` to your Gemfile (and ensure its version is at the minimum required by ActiveRecord).):
  
activerecord (5.1.3) lib/active_record/connection_adapters/connection_specification.rb:188:in `rescue in spec'
activerecord (5.1.3) lib/active_record/connection_adapters/connection_specification.rb:185:in `spec'
activerecord (5.1.3) lib/active_record/connection_adapters/abstract/connection_pool.rb:880:in `establish_connection'
activerecord (5.1.3) lib/active_record/connection_handling.rb:58:in `establish_connection'
activerecord (5.1.3) lib/active_record/railtie.rb:124:in `block (2 levels) in <class:Railtie>'
activesupport (5.1.3) lib/active_support/lazy_load_hooks.rb:45:in `instance_eval'
activesupport (5.1.3) lib/active_support/lazy_load_hooks.rb:45:in `execute_hook'
activesupport (5.1.3) lib/active_support/lazy_load_hooks.rb:52:in `block in run_load_hooks'
activesupport (5.1.3) lib/active_support/lazy_load_hooks.rb:51:in `each'
activesupport (5.1.3) lib/active_support/lazy_load_hooks.rb:51:in `run_load_hooks'
activerecord (5.1.3) lib/active_record/base.rb:326:in `<module:ActiveRecord>'
activerecord (5.1.3) lib/active_record/base.rb:25:in `<top (required)>'
activesupport (5.1.3) lib/active_support/dependencies.rb:292:in `require'
activesupport (5.1.3) lib/active_support/dependencies.rb:292:in `block in require'
activesupport (5.1.3) lib/active_support/dependencies.rb:258:in `load_dependency'
activesupport (5.1.3) lib/active_support/dependencies.rb:292:in `require'
activerecord (5.1.3) lib/active_record/railties/controller_runtime.rb:26:in `cleanup_view_runtime'
actionpack (5.1.3) lib/action_controller/metal/instrumentation.rb:43:in `render'
actionpack (5.1.3) lib/action_controller/metal/implicit_render.rb:33:in `default_render'
actionpack (5.1.3) lib/action_controller/metal/basic_implicit_render.rb:4:in `block in send_action'
actionpack (5.1.3) lib/action_controller/metal/basic_implicit_render.rb:4:in `tap'
actionpack (5.1.3) lib/action_controller/metal/basic_implicit_render.rb:4:in `send_action'
actionpack (5.1.3) lib/abstract_controller/base.rb:186:in `process_action'
actionpack (5.1.3) lib/action_controller/metal/rendering.rb:30:in `process_action'
actionpack (5.1.3) lib/abstract_controller/callbacks.rb:20:in `block in process_action'
activesupport (5.1.3) lib/active_support/callbacks.rb:131:in `run_callbacks'
actionpack (5.1.3) lib/abstract_controller/callbacks.rb:19:in `process_action'
actionpack (5.1.3) lib/action_controller/metal/rescue.rb:20:in `process_action'
actionpack (5.1.3) lib/action_controller/metal/instrumentation.rb:32:in `block in process_action'
activesupport (5.1.3) lib/active_support/notifications.rb:166:in `block in instrument'
activesupport (5.1.3) lib/active_support/notifications/instrumenter.rb:21:in `instrument'
activesupport (5.1.3) lib/active_support/notifications.rb:166:in `instrument'
actionpack (5.1.3) lib/action_controller/metal/instrumentation.rb:30:in `process_action'
actionpack (5.1.3) lib/action_controller/metal/params_wrapper.rb:252:in `process_action'
activerecord (5.1.3) lib/active_record/railties/controller_runtime.rb:22:in `process_action'
actionpack (5.1.3) lib/abstract_controller/base.rb:124:in `process'
actionview (5.1.3) lib/action_view/rendering.rb:30:in `process'
actionpack (5.1.3) lib/action_controller/metal.rb:189:in `dispatch'
actionpack (5.1.3) lib/action_controller/metal.rb:253:in `dispatch'
actionpack (5.1.3) lib/action_dispatch/routing/route_set.rb:49:in `dispatch'
actionpack (5.1.3) lib/action_dispatch/routing/route_set.rb:31:in `serve'
actionpack (5.1.3) lib/action_dispatch/journey/router.rb:46:in `block in serve'
actionpack (5.1.3) lib/action_dispatch/journey/router.rb:33:in `each'
actionpack (5.1.3) lib/action_dispatch/journey/router.rb:33:in `serve'
actionpack (5.1.3) lib/action_dispatch/routing/route_set.rb:834:in `call'
rack (2.0.3) lib/rack/etag.rb:25:in `call'
rack (2.0.3) lib/rack/conditional_get.rb:25:in `call'
rack (2.0.3) lib/rack/head.rb:12:in `call'
rack (2.0.3) lib/rack/session/abstract/id.rb:232:in `context'
rack (2.0.3) lib/rack/session/abstract/id.rb:226:in `call'
actionpack (5.1.3) lib/action_dispatch/middleware/cookies.rb:613:in `call'
activerecord (5.1.3) lib/active_record/migration.rb:556:in `call'
actionpack (5.1.3) lib/action_dispatch/middleware/callbacks.rb:26:in `block in call'
activesupport (5.1.3) lib/active_support/callbacks.rb:97:in `run_callbacks'
actionpack (5.1.3) lib/action_dispatch/middleware/callbacks.rb:24:in `call'
actionpack (5.1.3) lib/action_dispatch/middleware/executor.rb:12:in `call'
actionpack (5.1.3) lib/action_dispatch/middleware/debug_exceptions.rb:59:in `call'
web-console (3.5.1) lib/web_console/middleware.rb:135:in `call_app'
web-console (3.5.1) lib/web_console/middleware.rb:20:in `block in call'
web-console (3.5.1) lib/web_console/middleware.rb:18:in `catch'
web-console (3.5.1) lib/web_console/middleware.rb:18:in `call'
actionpack (5.1.3) lib/action_dispatch/middleware/show_exceptions.rb:31:in `call'
railties (5.1.3) lib/rails/rack/logger.rb:36:in `call_app'
railties (5.1.3) lib/rails/rack/logger.rb:24:in `block in call'
activesupport (5.1.3) lib/active_support/tagged_logging.rb:69:in `block in tagged'
activesupport (5.1.3) lib/active_support/tagged_logging.rb:26:in `tagged'
activesupport (5.1.3) lib/active_support/tagged_logging.rb:69:in `tagged'
railties (5.1.3) lib/rails/rack/logger.rb:24:in `call'
sprockets-rails (3.2.0) lib/sprockets/rails/quiet_assets.rb:13:in `call'
actionpack (5.1.3) lib/action_dispatch/middleware/remote_ip.rb:79:in `call'
actionpack (5.1.3) lib/action_dispatch/middleware/request_id.rb:25:in `call'
rack (2.0.3) lib/rack/method_override.rb:22:in `call'
rack (2.0.3) lib/rack/runtime.rb:22:in `call'
activesupport (5.1.3) lib/active_support/cache/strategy/local_cache_middleware.rb:27:in `call'
actionpack (5.1.3) lib/action_dispatch/middleware/executor.rb:12:in `call'
actionpack (5.1.3) lib/action_dispatch/middleware/static.rb:125:in `call'
rack (2.0.3) lib/rack/sendfile.rb:111:in `call'
railties (5.1.3) lib/rails/engine.rb:522:in `call'
puma (3.9.1) lib/puma/configuration.rb:224:in `call'
puma (3.9.1) lib/puma/server.rb:602:in `handle_request'
puma (3.9.1) lib/puma/server.rb:435:in `process_client'
puma (3.9.1) lib/puma/server.rb:299:in `block in run'
puma (3.9.1) lib/puma/thread_pool.rb:120:in `block in spawn_thread'
Started GET "/" for 218.235.241.132 at 2017-08-13 01:44:05 +0000
Cannot render console from 218.235.241.132! Allowed networks: 127.0.0.1, ::1, 127.0.0.0/127.255.255.255
Processing by Rails::WelcomeController#index as HTML
  Rendering /usr/local/rvm/gems/ruby-2.3.4/gems/railties-5.1.3/lib/rails/templates/rails/welcome/index.html.erb
  Rendered /usr/local/rvm/gems/ruby-2.3.4/gems/railties-5.1.3/lib/rails/templates/rails/welcome/index.html.erb (3.2ms)
Completed 200 OK in 8ms (Views: 5.4ms)


Started GET "/rails/db" for 218.235.241.132 at 2017-08-13 01:47:48 +0000
Cannot render console from 218.235.241.132! Allowed networks: 127.0.0.1, ::1, 127.0.0.0/127.255.255.255
  
ActionController::RoutingError (No route matches [GET] "/rails/db"):
  
actionpack (5.1.3) lib/action_dispatch/middleware/debug_exceptions.rb:63:in `call'
web-console (3.5.1) lib/web_console/middleware.rb:135:in `call_app'
web-console (3.5.1) lib/web_console/middleware.rb:20:in `block in call'
web-console (3.5.1) lib/web_console/middleware.rb:18:in `catch'
web-console (3.5.1) lib/web_console/middleware.rb:18:in `call'
actionpack (5.1.3) lib/action_dispatch/middleware/show_exceptions.rb:31:in `call'
railties (5.1.3) lib/rails/rack/logger.rb:36:in `call_app'
railties (5.1.3) lib/rails/rack/logger.rb:24:in `block in call'
activesupport (5.1.3) lib/active_support/tagged_logging.rb:69:in `block in tagged'
activesupport (5.1.3) lib/active_support/tagged_logging.rb:26:in `tagged'
activesupport (5.1.3) lib/active_support/tagged_logging.rb:69:in `tagged'
railties (5.1.3) lib/rails/rack/logger.rb:24:in `call'
sprockets-rails (3.2.0) lib/sprockets/rails/quiet_assets.rb:13:in `call'
actionpack (5.1.3) lib/action_dispatch/middleware/remote_ip.rb:79:in `call'
actionpack (5.1.3) lib/action_dispatch/middleware/request_id.rb:25:in `call'
rack (2.0.3) lib/rack/method_override.rb:22:in `call'
rack (2.0.3) lib/rack/runtime.rb:22:in `call'
activesupport (5.1.3) lib/active_support/cache/strategy/local_cache_middleware.rb:27:in `call'
actionpack (5.1.3) lib/action_dispatch/middleware/executor.rb:12:in `call'
actionpack (5.1.3) lib/action_dispatch/middleware/static.rb:125:in `call'
rack (2.0.3) lib/rack/sendfile.rb:111:in `call'
railties (5.1.3) lib/rails/engine.rb:522:in `call'
puma (3.9.1) lib/puma/configuration.rb:224:in `call'
puma (3.9.1) lib/puma/server.rb:602:in `handle_request'
puma (3.9.1) lib/puma/server.rb:435:in `process_client'
puma (3.9.1) lib/puma/server.rb:299:in `block in run'
puma (3.9.1) lib/puma/thread_pool.rb:120:in `block in spawn_thread'
Started GET "/" for 218.235.241.132 at 2017-08-13 01:48:07 +0000
Cannot render console from 218.235.241.132! Allowed networks: 127.0.0.1, ::1, 127.0.0.0/127.255.255.255
Processing by Rails::WelcomeController#index as HTML
Completed 500 Internal Server Error in 318ms


  
Gem::LoadError (Specified 'mysql2' for database adapter, but the gem is not loaded. Add `gem 'mysql2'` to your Gemfile (and ensure its version is at the minimum required by ActiveRecord).):
  
activerecord (5.1.3) lib/active_record/connection_adapters/connection_specification.rb:188:in `rescue in spec'
activerecord (5.1.3) lib/active_record/connection_adapters/connection_specification.rb:185:in `spec'
activerecord (5.1.3) lib/active_record/connection_adapters/abstract/connection_pool.rb:880:in `establish_connection'
activerecord (5.1.3) lib/active_record/connection_handling.rb:58:in `establish_connection'
activerecord (5.1.3) lib/active_record/railtie.rb:124:in `block (2 levels) in <class:Railtie>'
activesupport (5.1.3) lib/active_support/lazy_load_hooks.rb:45:in `instance_eval'
activesupport (5.1.3) lib/active_support/lazy_load_hooks.rb:45:in `execute_hook'
activesupport (5.1.3) lib/active_support/lazy_load_hooks.rb:52:in `block in run_load_hooks'
activesupport (5.1.3) lib/active_support/lazy_load_hooks.rb:51:in `each'
activesupport (5.1.3) lib/active_support/lazy_load_hooks.rb:51:in `run_load_hooks'
activerecord (5.1.3) lib/active_record/base.rb:326:in `<module:ActiveRecord>'
activerecord (5.1.3) lib/active_record/base.rb:25:in `<top (required)>'
activesupport (5.1.3) lib/active_support/dependencies.rb:292:in `require'
activesupport (5.1.3) lib/active_support/dependencies.rb:292:in `block in require'
activesupport (5.1.3) lib/active_support/dependencies.rb:258:in `load_dependency'
activesupport (5.1.3) lib/active_support/dependencies.rb:292:in `require'
activerecord (5.1.3) lib/active_record/railties/controller_runtime.rb:26:in `cleanup_view_runtime'
actionpack (5.1.3) lib/action_controller/metal/instrumentation.rb:43:in `render'
actionpack (5.1.3) lib/action_controller/metal/implicit_render.rb:33:in `default_render'
actionpack (5.1.3) lib/action_controller/metal/basic_implicit_render.rb:4:in `block in send_action'
actionpack (5.1.3) lib/action_controller/metal/basic_implicit_render.rb:4:in `tap'
actionpack (5.1.3) lib/action_controller/metal/basic_implicit_render.rb:4:in `send_action'
actionpack (5.1.3) lib/abstract_controller/base.rb:186:in `process_action'
actionpack (5.1.3) lib/action_controller/metal/rendering.rb:30:in `process_action'
actionpack (5.1.3) lib/abstract_controller/callbacks.rb:20:in `block in process_action'
activesupport (5.1.3) lib/active_support/callbacks.rb:131:in `run_callbacks'
actionpack (5.1.3) lib/abstract_controller/callbacks.rb:19:in `process_action'
actionpack (5.1.3) lib/action_controller/metal/rescue.rb:20:in `process_action'
actionpack (5.1.3) lib/action_controller/metal/instrumentation.rb:32:in `block in process_action'
activesupport (5.1.3) lib/active_support/notifications.rb:166:in `block in instrument'
activesupport (5.1.3) lib/active_support/notifications/instrumenter.rb:21:in `instrument'
activesupport (5.1.3) lib/active_support/notifications.rb:166:in `instrument'
actionpack (5.1.3) lib/action_controller/metal/instrumentation.rb:30:in `process_action'
actionpack (5.1.3) lib/action_controller/metal/params_wrapper.rb:252:in `process_action'
activerecord (5.1.3) lib/active_record/railties/controller_runtime.rb:22:in `process_action'
actionpack (5.1.3) lib/abstract_controller/base.rb:124:in `process'
actionview (5.1.3) lib/action_view/rendering.rb:30:in `process'
actionpack (5.1.3) lib/action_controller/metal.rb:189:in `dispatch'
actionpack (5.1.3) lib/action_controller/metal.rb:253:in `dispatch'
actionpack (5.1.3) lib/action_dispatch/routing/route_set.rb:49:in `dispatch'
actionpack (5.1.3) lib/action_dispatch/routing/route_set.rb:31:in `serve'
actionpack (5.1.3) lib/action_dispatch/journey/router.rb:46:in `block in serve'
actionpack (5.1.3) lib/action_dispatch/journey/router.rb:33:in `each'
actionpack (5.1.3) lib/action_dispatch/journey/router.rb:33:in `serve'
actionpack (5.1.3) lib/action_dispatch/routing/route_set.rb:834:in `call'
rack (2.0.3) lib/rack/etag.rb:25:in `call'
rack (2.0.3) lib/rack/conditional_get.rb:25:in `call'
rack (2.0.3) lib/rack/head.rb:12:in `call'
rack (2.0.3) lib/rack/session/abstract/id.rb:232:in `context'
rack (2.0.3) lib/rack/session/abstract/id.rb:226:in `call'
actionpack (5.1.3) lib/action_dispatch/middleware/cookies.rb:613:in `call'
activerecord (5.1.3) lib/active_record/migration.rb:556:in `call'
actionpack (5.1.3) lib/action_dispatch/middleware/callbacks.rb:26:in `block in call'
activesupport (5.1.3) lib/active_support/callbacks.rb:97:in `run_callbacks'
actionpack (5.1.3) lib/action_dispatch/middleware/callbacks.rb:24:in `call'
actionpack (5.1.3) lib/action_dispatch/middleware/executor.rb:12:in `call'
actionpack (5.1.3) lib/action_dispatch/middleware/debug_exceptions.rb:59:in `call'
web-console (3.5.1) lib/web_console/middleware.rb:135:in `call_app'
web-console (3.5.1) lib/web_console/middleware.rb:20:in `block in call'
web-console (3.5.1) lib/web_console/middleware.rb:18:in `catch'
web-console (3.5.1) lib/web_console/middleware.rb:18:in `call'
actionpack (5.1.3) lib/action_dispatch/middleware/show_exceptions.rb:31:in `call'
railties (5.1.3) lib/rails/rack/logger.rb:36:in `call_app'
railties (5.1.3) lib/rails/rack/logger.rb:24:in `block in call'
activesupport (5.1.3) lib/active_support/tagged_logging.rb:69:in `block in tagged'
activesupport (5.1.3) lib/active_support/tagged_logging.rb:26:in `tagged'
activesupport (5.1.3) lib/active_support/tagged_logging.rb:69:in `tagged'
railties (5.1.3) lib/rails/rack/logger.rb:24:in `call'
sprockets-rails (3.2.0) lib/sprockets/rails/quiet_assets.rb:13:in `call'
actionpack (5.1.3) lib/action_dispatch/middleware/remote_ip.rb:79:in `call'
actionpack (5.1.3) lib/action_dispatch/middleware/request_id.rb:25:in `call'
rack (2.0.3) lib/rack/method_override.rb:22:in `call'
rack (2.0.3) lib/rack/runtime.rb:22:in `call'
activesupport (5.1.3) lib/active_support/cache/strategy/local_cache_middleware.rb:27:in `call'
actionpack (5.1.3) lib/action_dispatch/middleware/executor.rb:12:in `call'
actionpack (5.1.3) lib/action_dispatch/middleware/static.rb:125:in `call'
rack (2.0.3) lib/rack/sendfile.rb:111:in `call'
railties (5.1.3) lib/rails/engine.rb:522:in `call'
puma (3.9.1) lib/puma/configuration.rb:224:in `call'
puma (3.9.1) lib/puma/server.rb:602:in `handle_request'
puma (3.9.1) lib/puma/server.rb:435:in `process_client'
puma (3.9.1) lib/puma/server.rb:299:in `block in run'
puma (3.9.1) lib/puma/thread_pool.rb:120:in `block in spawn_thread'
Started GET "/" for 218.235.241.132 at 2017-08-13 01:48:45 +0000
Cannot render console from 218.235.241.132! Allowed networks: 127.0.0.1, ::1, 127.0.0.0/127.255.255.255
Processing by Rails::WelcomeController#index as HTML
  Rendering /usr/local/rvm/gems/ruby-2.3.4/gems/railties-5.1.3/lib/rails/templates/rails/welcome/index.html.erb
  Rendered /usr/local/rvm/gems/ruby-2.3.4/gems/railties-5.1.3/lib/rails/templates/rails/welcome/index.html.erb (4.9ms)
Completed 200 OK in 11ms (Views: 8.2ms)


Started GET "/rails/db" for 218.235.241.132 at 2017-08-13 01:48:56 +0000
Cannot render console from 218.235.241.132! Allowed networks: 127.0.0.1, ::1, 127.0.0.0/127.255.255.255
Processing by RailsDb::DashboardController#index as HTML
  Rendering /usr/local/rvm/gems/ruby-2.3.4/gems/rails_db-1.6.0/app/views/rails_db/dashboard/index.html.erb within layouts/rails_db/application
  Rendered /usr/local/rvm/gems/ruby-2.3.4/gems/rails_db-1.6.0/app/views/rails_db/dashboard/index.html.erb within layouts/rails_db/application (1541.3ms)
  Rendered /usr/local/rvm/gems/ruby-2.3.4/gems/rails_db-1.6.0/app/views/rails_db/shared/_header.html.erb (7.1ms)
  Rendered /usr/local/rvm/gems/ruby-2.3.4/gems/rails_db-1.6.0/app/views/rails_db/shared/_sidebar.html.erb (2.4ms)
Completed 500 Internal Server Error in 1735ms


  
ActionView::Template::Error (No connection pool with 'primary' found.):
    3: <input id='rails_db_tables_input' placeholder='... quick filter by table name'>
    4: 
    5: <ul class="side-nav tables" id='rails_db_tables'>
    6:   <% rails_db_tables.each do |table| %>
    7:     <li>
    8:       <%= link_to table_data_path(table), remote: true, class: "sidebar_table sidebar_table_#{table}" do %>
    9:         <%= fa_icon 'table'%>
  
activerecord (5.1.3) lib/active_record/connection_adapters/abstract/connection_pool.rb:930:in `retrieve_connection'
activerecord (5.1.3) lib/active_record/connection_handling.rb:116:in `retrieve_connection'
activerecord (5.1.3) lib/active_record/connection_handling.rb:88:in `connection'
rails_db (1.6.0) lib/rails_db/connection.rb:5:in `connection'
rails_db (1.6.0) lib/rails_db/database.rb:18:in `tables'
rails_db (1.6.0) lib/rails_db/database.rb:22:in `accessible_tables'
rails_db (1.6.0) app/helpers/rails_db/application_helper.rb:4:in `rails_db_tables'
rails_db (1.6.0) app/views/rails_db/shared/_sidebar.html.erb:6:in `__usr_local_rvm_gems_ruby_______gems_rails_db_______app_views_rails_db_shared__sidebar_html_erb___1962017824087598028_70244350570120'
actionview (5.1.3) lib/action_view/template.rb:157:in `block in render'
activesupport (5.1.3) lib/active_support/notifications.rb:168:in `instrument'
actionview (5.1.3) lib/action_view/template.rb:352:in `instrument_render_template'
actionview (5.1.3) lib/action_view/template.rb:155:in `render'
actionview (5.1.3) lib/action_view/renderer/partial_renderer.rb:342:in `block in render_partial'
actionview (5.1.3) lib/action_view/renderer/abstract_renderer.rb:42:in `block in instrument'
activesupport (5.1.3) lib/active_support/notifications.rb:166:in `block in instrument'
activesupport (5.1.3) lib/active_support/notifications/instrumenter.rb:21:in `instrument'
activesupport (5.1.3) lib/active_support/notifications.rb:166:in `instrument'
actionview (5.1.3) lib/action_view/renderer/abstract_renderer.rb:41:in `instrument'
actionview (5.1.3) lib/action_view/renderer/partial_renderer.rb:331:in `render_partial'
actionview (5.1.3) lib/action_view/renderer/partial_renderer.rb:310:in `render'
actionview (5.1.3) lib/action_view/renderer/renderer.rb:47:in `render_partial'
actionview (5.1.3) lib/action_view/helpers/rendering_helper.rb:35:in `render'
rails_db (1.6.0) app/views/layouts/rails_db/application.html.erb:22:in `__usr_local_rvm_gems_ruby_______gems_rails_db_______app_views_layouts_rails_db_application_html_erb__4326010919751432390_32017500'
actionview (5.1.3) lib/action_view/template.rb:157:in `block in render'
activesupport (5.1.3) lib/active_support/notifications.rb:168:in `instrument'
actionview (5.1.3) lib/action_view/template.rb:352:in `instrument_render_template'
actionview (5.1.3) lib/action_view/template.rb:155:in `render'
actionview (5.1.3) lib/action_view/renderer/template_renderer.rb:64:in `render_with_layout'
actionview (5.1.3) lib/action_view/renderer/template_renderer.rb:50:in `render_template'
actionview (5.1.3) lib/action_view/renderer/template_renderer.rb:14:in `render'
actionview (5.1.3) lib/action_view/renderer/renderer.rb:42:in `render_template'
actionview (5.1.3) lib/action_view/renderer/renderer.rb:23:in `render'
actionview (5.1.3) lib/action_view/rendering.rb:103:in `_render_template'
actionpack (5.1.3) lib/action_controller/metal/streaming.rb:217:in `_render_template'
actionview (5.1.3) lib/action_view/rendering.rb:83:in `render_to_body'
actionpack (5.1.3) lib/action_controller/metal/rendering.rb:52:in `render_to_body'
actionpack (5.1.3) lib/action_controller/metal/renderers.rb:141:in `render_to_body'
actionpack (5.1.3) lib/abstract_controller/rendering.rb:24:in `render'
actionpack (5.1.3) lib/action_controller/metal/rendering.rb:36:in `render'
actionpack (5.1.3) lib/action_controller/metal/instrumentation.rb:44:in `block (2 levels) in render'
activesupport (5.1.3) lib/active_support/core_ext/benchmark.rb:12:in `block in ms'
/usr/local/rvm/rubies/ruby-2.3.4/lib/ruby/2.3.0/benchmark.rb:308:in `realtime'
activesupport (5.1.3) lib/active_support/core_ext/benchmark.rb:12:in `ms'
actionpack (5.1.3) lib/action_controller/metal/instrumentation.rb:44:in `block in render'
actionpack (5.1.3) lib/action_controller/metal/instrumentation.rb:87:in `cleanup_view_runtime'
activerecord (5.1.3) lib/active_record/railties/controller_runtime.rb:34:in `cleanup_view_runtime'
actionpack (5.1.3) lib/action_controller/metal/instrumentation.rb:43:in `render'
actionpack (5.1.3) lib/action_controller/metal/implicit_render.rb:33:in `default_render'
actionpack (5.1.3) lib/action_controller/metal/basic_implicit_render.rb:4:in `block in send_action'
actionpack (5.1.3) lib/action_controller/metal/basic_implicit_render.rb:4:in `tap'
actionpack (5.1.3) lib/action_controller/metal/basic_implicit_render.rb:4:in `send_action'
actionpack (5.1.3) lib/abstract_controller/base.rb:186:in `process_action'
actionpack (5.1.3) lib/action_controller/metal/rendering.rb:30:in `process_action'
actionpack (5.1.3) lib/abstract_controller/callbacks.rb:20:in `block in process_action'
activesupport (5.1.3) lib/active_support/callbacks.rb:131:in `run_callbacks'
actionpack (5.1.3) lib/abstract_controller/callbacks.rb:19:in `process_action'
actionpack (5.1.3) lib/action_controller/metal/rescue.rb:20:in `process_action'
actionpack (5.1.3) lib/action_controller/metal/instrumentation.rb:32:in `block in process_action'
activesupport (5.1.3) lib/active_support/notifications.rb:166:in `block in instrument'
activesupport (5.1.3) lib/active_support/notifications/instrumenter.rb:21:in `instrument'
activesupport (5.1.3) lib/active_support/notifications.rb:166:in `instrument'
actionpack (5.1.3) lib/action_controller/metal/instrumentation.rb:30:in `process_action'
actionpack (5.1.3) lib/action_controller/metal/params_wrapper.rb:252:in `process_action'
activerecord (5.1.3) lib/active_record/railties/controller_runtime.rb:22:in `process_action'
actionpack (5.1.3) lib/abstract_controller/base.rb:124:in `process'
actionview (5.1.3) lib/action_view/rendering.rb:30:in `process'
actionpack (5.1.3) lib/action_controller/metal.rb:189:in `dispatch'
actionpack (5.1.3) lib/action_controller/metal.rb:253:in `dispatch'
actionpack (5.1.3) lib/action_dispatch/routing/route_set.rb:49:in `dispatch'
actionpack (5.1.3) lib/action_dispatch/routing/route_set.rb:31:in `serve'
actionpack (5.1.3) lib/action_dispatch/journey/router.rb:46:in `block in serve'
actionpack (5.1.3) lib/action_dispatch/journey/router.rb:33:in `each'
actionpack (5.1.3) lib/action_dispatch/journey/router.rb:33:in `serve'
actionpack (5.1.3) lib/action_dispatch/routing/route_set.rb:834:in `call'
railties (5.1.3) lib/rails/engine.rb:522:in `call'
railties (5.1.3) lib/rails/railtie.rb:185:in `public_send'
railties (5.1.3) lib/rails/railtie.rb:185:in `method_missing'
actionpack (5.1.3) lib/action_dispatch/routing/mapper.rb:17:in `block in <class:Constraints>'
actionpack (5.1.3) lib/action_dispatch/routing/mapper.rb:46:in `serve'
actionpack (5.1.3) lib/action_dispatch/journey/router.rb:46:in `block in serve'
actionpack (5.1.3) lib/action_dispatch/journey/router.rb:33:in `each'
actionpack (5.1.3) lib/action_dispatch/journey/router.rb:33:in `serve'
actionpack (5.1.3) lib/action_dispatch/routing/route_set.rb:834:in `call'
rack (2.0.3) lib/rack/etag.rb:25:in `call'
rack (2.0.3) lib/rack/conditional_get.rb:25:in `call'
rack (2.0.3) lib/rack/head.rb:12:in `call'
rack (2.0.3) lib/rack/session/abstract/id.rb:232:in `context'
rack (2.0.3) lib/rack/session/abstract/id.rb:226:in `call'
actionpack (5.1.3) lib/action_dispatch/middleware/cookies.rb:613:in `call'
activerecord (5.1.3) lib/active_record/migration.rb:556:in `call'
actionpack (5.1.3) lib/action_dispatch/middleware/callbacks.rb:26:in `block in call'
activesupport (5.1.3) lib/active_support/callbacks.rb:97:in `run_callbacks'
actionpack (5.1.3) lib/action_dispatch/middleware/callbacks.rb:24:in `call'
actionpack (5.1.3) lib/action_dispatch/middleware/executor.rb:12:in `call'
actionpack (5.1.3) lib/action_dispatch/middleware/debug_exceptions.rb:59:in `call'
web-console (3.5.1) lib/web_console/middleware.rb:135:in `call_app'
web-console (3.5.1) lib/web_console/middleware.rb:20:in `block in call'
web-console (3.5.1) lib/web_console/middleware.rb:18:in `catch'
web-console (3.5.1) lib/web_console/middleware.rb:18:in `call'
actionpack (5.1.3) lib/action_dispatch/middleware/show_exceptions.rb:31:in `call'
railties (5.1.3) lib/rails/rack/logger.rb:36:in `call_app'
railties (5.1.3) lib/rails/rack/logger.rb:24:in `block in call'
activesupport (5.1.3) lib/active_support/tagged_logging.rb:69:in `block in tagged'
activesupport (5.1.3) lib/active_support/tagged_logging.rb:26:in `tagged'
activesupport (5.1.3) lib/active_support/tagged_logging.rb:69:in `tagged'
railties (5.1.3) lib/rails/rack/logger.rb:24:in `call'
sprockets-rails (3.2.0) lib/sprockets/rails/quiet_assets.rb:13:in `call'
actionpack (5.1.3) lib/action_dispatch/middleware/remote_ip.rb:79:in `call'
actionpack (5.1.3) lib/action_dispatch/middleware/request_id.rb:25:in `call'
rack (2.0.3) lib/rack/method_override.rb:22:in `call'
rack (2.0.3) lib/rack/runtime.rb:22:in `call'
activesupport (5.1.3) lib/active_support/cache/strategy/local_cache_middleware.rb:27:in `call'
actionpack (5.1.3) lib/action_dispatch/middleware/executor.rb:12:in `call'
actionpack (5.1.3) lib/action_dispatch/middleware/static.rb:125:in `call'
rack (2.0.3) lib/rack/sendfile.rb:111:in `call'
railties (5.1.3) lib/rails/engine.rb:522:in `call'
puma (3.9.1) lib/puma/configuration.rb:224:in `call'
puma (3.9.1) lib/puma/server.rb:602:in `handle_request'
puma (3.9.1) lib/puma/server.rb:435:in `process_client'
puma (3.9.1) lib/puma/server.rb:299:in `block in run'
puma (3.9.1) lib/puma/thread_pool.rb:120:in `block in spawn_thread'
  [1m[35m (0.4ms)[0m  [1m[35mSET NAMES utf8,  @@SESSION.sql_mode = CONCAT(CONCAT(@@sql_mode, ',STRICT_ALL_TABLES'), ',NO_AUTO_VALUE_ON_ZERO'),  @@SESSION.sql_auto_is_null = 0, @@SESSION.wait_timeout = 2147483[0m
  [1m[35m (12.5ms)[0m  [1m[35mCREATE TABLE `schema_migrations` (`version` varchar(255) NOT NULL PRIMARY KEY) ENGINE=InnoDB[0m
  [1m[35m (9.8ms)[0m  [1m[35mCREATE TABLE `ar_internal_metadata` (`key` varchar(255) NOT NULL PRIMARY KEY, `value` varchar(255), `created_at` datetime NOT NULL, `updated_at` datetime NOT NULL) ENGINE=InnoDB[0m
  [1m[35m (0.1ms)[0m  [1m[34mSELECT GET_LOCK(7410547711329534975, 0)[0m
  [1m[35m (0.3ms)[0m  [1m[34mSELECT `schema_migrations`.`version` FROM `schema_migrations` ORDER BY `schema_migrations`.`version` ASC[0m
  [1m[36mActiveRecord::InternalMetadata Load (0.4ms)[0m  [1m[34mSELECT  `ar_internal_metadata`.* FROM `ar_internal_metadata` WHERE `ar_internal_metadata`.`key` = 'environment' LIMIT 1[0m
  [1m[35m (0.2ms)[0m  [1m[35mBEGIN[0m
  [1m[35mSQL (0.3ms)[0m  [1m[32mINSERT INTO `ar_internal_metadata` (`key`, `value`, `created_at`, `updated_at`) VALUES ('environment', 'development', '2017-08-13 02:39:38', '2017-08-13 02:39:38')[0m
  [1m[35m (3.7ms)[0m  [1m[35mCOMMIT[0m
  [1m[35m (0.3ms)[0m  [1m[34mSELECT RELEASE_LOCK(7410547711329534975)[0m
  [1m[35m (0.2ms)[0m  [1m[34mSELECT `schema_migrations`.`version` FROM `schema_migrations` ORDER BY `schema_migrations`.`version` ASC[0m
Started GET "/" for 218.235.241.132 at 2017-08-13 02:39:51 +0000
Cannot render console from 218.235.241.132! Allowed networks: 127.0.0.1, ::1, 127.0.0.0/127.255.255.255
Processing by Rails::WelcomeController#index as HTML
  Rendering /usr/local/rvm/gems/ruby-2.3.4/gems/railties-5.1.3/lib/rails/templates/rails/welcome/index.html.erb
  Rendered /usr/local/rvm/gems/ruby-2.3.4/gems/railties-5.1.3/lib/rails/templates/rails/welcome/index.html.erb (4.5ms)
Completed 200 OK in 331ms (Views: 11.8ms)


Started GET "/rails/db" for 218.235.241.132 at 2017-08-13 02:40:05 +0000
Cannot render console from 218.235.241.132! Allowed networks: 127.0.0.1, ::1, 127.0.0.0/127.255.255.255
Processing by RailsDb::DashboardController#index as HTML
  Rendering /usr/local/rvm/gems/ruby-2.3.4/gems/rails_db-1.6.0/app/views/rails_db/dashboard/index.html.erb within layouts/rails_db/application
  Rendered /usr/local/rvm/gems/ruby-2.3.4/gems/rails_db-1.6.0/app/views/rails_db/dashboard/index.html.erb within layouts/rails_db/application (387.9ms)
  Rendered /usr/local/rvm/gems/ruby-2.3.4/gems/rails_db-1.6.0/app/views/rails_db/shared/_header.html.erb (8.2ms)
  [1m[35m (0.4ms)[0m  [1m[35mSET NAMES utf8,  @@SESSION.sql_mode = CONCAT(CONCAT(@@sql_mode, ',STRICT_ALL_TABLES'), ',NO_AUTO_VALUE_ON_ZERO'),  @@SESSION.sql_auto_is_null = 0, @@SESSION.wait_timeout = 2147483[0m
  Rendered /usr/local/rvm/gems/ruby-2.3.4/gems/rails_db-1.6.0/app/views/rails_db/shared/_sidebar.html.erb (33.1ms)
  Rendered /usr/local/rvm/gems/ruby-2.3.4/gems/rails_db-1.6.0/app/views/rails_db/shared/_gems.html.erb (0.8ms)
  Rendered /usr/local/rvm/gems/ruby-2.3.4/gems/rails_db-1.6.0/app/views/rails_db/shared/_footer.html.erb (5.9ms)
Completed 200 OK in 549ms (Views: 546.6ms | ActiveRecord: 1.1ms)


Started GET "/rails/db/tables/ar_internal_metadata/data" for 218.235.241.132 at 2017-08-13 02:40:11 +0000
Cannot render console from 218.235.241.132! Allowed networks: 127.0.0.1, ::1, 127.0.0.0/127.255.255.255
Processing by RailsDb::TablesController#data as JS
  Parameters: {"table_id"=>"ar_internal_metadata"}
  [1m[35m (0.3ms)[0m  [1m[34mSELECT COUNT(*) FROM `ar_internal_metadata`[0m
  Rendering /usr/local/rvm/gems/ruby-2.3.4/gems/rails_db-1.6.0/app/views/rails_db/tables/data.js.erb
  Rendered /usr/local/rvm/gems/ruby-2.3.4/gems/rails_db-1.6.0/app/views/rails_db/shared/_exp_col.html.erb (0.5ms)
  Rendered /usr/local/rvm/gems/ruby-2.3.4/gems/rails_db-1.6.0/app/views/rails_db/tables/_condition_fields.html.erb (50.8ms)
  Rendered /usr/local/rvm/gems/ruby-2.3.4/gems/rails_db-1.6.0/app/views/rails_db/tables/_condition_fields.html.erb (7.3ms)
  [1m[36m Load (0.5ms)[0m  [1m[34mSELECT  `ar_internal_metadata`.* FROM `ar_internal_metadata` LIMIT 25 OFFSET 0[0m
  Rendered /usr/local/rvm/gems/ruby-2.3.4/gems/rails_db-1.6.0/app/views/rails_db/tables/_row.html.erb (4.6ms)
  Rendered /usr/local/rvm/gems/ruby-2.3.4/gems/rails_db-1.6.0/app/views/rails_db/tables/_sql.html.erb (0.6ms)
  Rendered /usr/local/rvm/gems/ruby-2.3.4/gems/rails_db-1.6.0/app/views/rails_db/tables/_data.html.erb (109.2ms)
  Rendered /usr/local/rvm/gems/ruby-2.3.4/gems/rails_db-1.6.0/app/views/rails_db/tables/data.js.erb (113.0ms)
Completed 200 OK in 229ms (Views: 114.0ms | ActiveRecord: 7.0ms)


